<?xml version='1.0' encoding='UTF-8'?>
<testsuites name='MiraclePillUITests.xctest' tests='1' failures='0'>
  <testsuite name='MiraclePillUITests.MiraclePillUITests' tests='1' failures='0'>
    <testcase classname='MiraclePillUITests.MiraclePillUITests' name='testExample' time='10.329'/>
  </testsuite>
</testsuites>